[0.012s] Invoking command in '/articubot_one/build/articubot_one': CMAKE_PREFIX_PATH=${CMAKE_PREFIX_PATH}:/opt/ros/jazzy /usr/bin/cmake /articubot_one -DCMAKE_INSTALL_PREFIX=/articubot_one/install/articubot_one
[0.099s] -- The C compiler identification is GNU 13.3.0
[0.181s] -- The CXX compiler identification is GNU 13.3.0
[0.201s] -- Detecting C compiler ABI info
[0.306s] -- Detecting C compiler ABI info - done
[0.313s] -- Check for working C compiler: /usr/bin/cc - skipped
[0.314s] -- Detecting C compile features
[0.314s] -- Detecting C compile features - done
[0.326s] -- Detecting CXX compiler ABI info
[0.443s] -- Detecting CXX compiler ABI info - done
[0.450s] -- Check for working CXX compiler: /usr/bin/c++ - skipped
[0.451s] -- Detecting CXX compile features
[0.451s] -- Detecting CXX compile features - done
[0.459s] -- Found ament_cmake: 2.5.4 (/opt/ros/jazzy/share/ament_cmake/cmake)
[0.632s] -- Found Python3: /usr/bin/python3 (found version "3.12.3") found components: Interpreter 
[0.794s] -- Found ament_lint_auto: 0.17.2 (/opt/ros/jazzy/share/ament_lint_auto/cmake)
[0.939s] -- Added test 'copyright' to check source files copyright and LICENSE
[0.952s] -- Added test 'cppcheck' to perform static code analysis on C / C++ code
[0.953s] -- Configured cppcheck include dirs: 
[0.953s] -- Configured cppcheck exclude dirs and/or files: 
[0.965s] -- Added test 'cpplint' to check C / C++ code against the Google style
[0.965s] -- Configured cpplint exclude dirs and/or files: 
[0.968s] -- Added test 'flake8' to check Python code syntax and style conventions
[0.968s] -- Configured 'flake8' exclude dirs and/or files: 
[0.972s] -- Added test 'lint_cmake' to check CMake code style
[0.974s] -- Added test 'pep257' to check Python code against some of the docstring style conventions in PEP 257
[0.988s] -- Added test 'uncrustify' to check C / C++ code style
[0.988s] -- Configured uncrustify additional arguments: 
[0.990s] -- Added test 'xmllint' to check XML markup files
[0.993s] -- Configuring done (1.0s)
[0.996s] -- Generating done (0.0s)
[0.998s] -- Build files have been written to: /articubot_one/build/articubot_one
[1.004s] Invoked command in '/articubot_one/build/articubot_one' returned '0': CMAKE_PREFIX_PATH=${CMAKE_PREFIX_PATH}:/opt/ros/jazzy /usr/bin/cmake /articubot_one -DCMAKE_INSTALL_PREFIX=/articubot_one/install/articubot_one
[1.005s] Invoking command in '/articubot_one/build/articubot_one': CMAKE_PREFIX_PATH=${CMAKE_PREFIX_PATH}:/opt/ros/jazzy /usr/bin/cmake --build /articubot_one/build/articubot_one -- -j16 -l16
[1.057s] Invoked command in '/articubot_one/build/articubot_one' returned '0': CMAKE_PREFIX_PATH=${CMAKE_PREFIX_PATH}:/opt/ros/jazzy /usr/bin/cmake --build /articubot_one/build/articubot_one -- -j16 -l16
[1.070s] Invoking command in '/articubot_one/build/articubot_one': CMAKE_PREFIX_PATH=${CMAKE_PREFIX_PATH}:/opt/ros/jazzy /usr/bin/cmake --install /articubot_one/build/articubot_one
[1.080s] -- Install configuration: ""
[1.081s] -- Installing: /articubot_one/install/articubot_one/share/articubot_one/config
[1.081s] -- Installing: /articubot_one/install/articubot_one/share/articubot_one/config/empty.yaml
[1.081s] [31mCMake Error at cmake_install.cmake:46 (file):
[1.081s]   file INSTALL cannot find "/articubot_one/description": No such file or
[1.081s]   directory.
[1.081s] 
[1.081s] [0m
[1.083s] Invoked command in '/articubot_one/build/articubot_one' returned '1': CMAKE_PREFIX_PATH=${CMAKE_PREFIX_PATH}:/opt/ros/jazzy /usr/bin/cmake --install /articubot_one/build/articubot_one
