-- Install configuration: ""
-- Up-to-date: /articubot_one/install/articubot_one/share/articubot_one/config
-- Up-to-date: /articubot_one/install/articubot_one/share/articubot_one/config/empty.yaml
-- Up-to-date: /articubot_one/install/articubot_one/share/articubot_one/description
-- Up-to-date: /articubot_one/install/articubot_one/share/articubot_one/description/gazebo_control.xacro
-- Up-to-date: /articubot_one/install/articubot_one/share/articubot_one/description/inertial_macros.xacro
-- Up-to-date: /articubot_one/install/articubot_one/share/articubot_one/description/robot_core.xacro
-- Up-to-date: /articubot_one/install/articubot_one/share/articubot_one/description/robot.urdf.xacro
-- Up-to-date: /articubot_one/install/articubot_one/share/articubot_one/description/lidar.xacro
-- Up-to-date: /articubot_one/install/articubot_one/share/articubot_one/launch
-- Up-to-date: /articubot_one/install/articubot_one/share/articubot_one/launch/rsp.launch.py
-- Up-to-date: /articubot_one/install/articubot_one/share/articubot_one/launch/sim.launch.py
-- Up-to-date: /articubot_one/install/articubot_one/share/articubot_one/worlds
-- Up-to-date: /articubot_one/install/articubot_one/share/articubot_one/worlds/empty.world
-- Up-to-date: /articubot_one/install/articubot_one/share/articubot_one/models
-- Up-to-date: /articubot_one/install/articubot_one/share/articubot_one/models/Ground_Plane
-- Up-to-date: /articubot_one/install/articubot_one/share/articubot_one/models/Ground_Plane/model.sdf
-- Up-to-date: /articubot_one/install/articubot_one/share/articubot_one/models/Ground_Plane/model.config
-- Up-to-date: /articubot_one/install/articubot_one/share/articubot_one/models/Ground_Plane/model-1_2.sdf
-- Up-to-date: /articubot_one/install/articubot_one/share/articubot_one/models/Ground_Plane/model-1_3.sdf
-- Up-to-date: /articubot_one/install/articubot_one/share/articubot_one/models/Ground_Plane/model-1_4.sdf
-- Up-to-date: /articubot_one/install/articubot_one/share/articubot_one/models/Sun
-- Up-to-date: /articubot_one/install/articubot_one/share/articubot_one/models/Sun/model.sdf
-- Up-to-date: /articubot_one/install/articubot_one/share/articubot_one/models/Sun/model.config
-- Up-to-date: /articubot_one/install/articubot_one/share/articubot_one/models/Sun/model-1_2.sdf
-- Up-to-date: /articubot_one/install/articubot_one/share/articubot_one/models/Sun/model-1_3.sdf
-- Up-to-date: /articubot_one/install/articubot_one/share/articubot_one/models/Sun/model-1_4.sdf
-- Up-to-date: /articubot_one/install/articubot_one/share/ament_index/resource_index/package_run_dependencies/articubot_one
-- Up-to-date: /articubot_one/install/articubot_one/share/ament_index/resource_index/parent_prefix_path/articubot_one
-- Up-to-date: /articubot_one/install/articubot_one/share/articubot_one/environment/ament_prefix_path.sh
-- Up-to-date: /articubot_one/install/articubot_one/share/articubot_one/environment/ament_prefix_path.dsv
-- Up-to-date: /articubot_one/install/articubot_one/share/articubot_one/environment/path.sh
-- Up-to-date: /articubot_one/install/articubot_one/share/articubot_one/environment/path.dsv
-- Up-to-date: /articubot_one/install/articubot_one/share/articubot_one/local_setup.bash
-- Up-to-date: /articubot_one/install/articubot_one/share/articubot_one/local_setup.sh
-- Up-to-date: /articubot_one/install/articubot_one/share/articubot_one/local_setup.zsh
-- Up-to-date: /articubot_one/install/articubot_one/share/articubot_one/local_setup.dsv
-- Installing: /articubot_one/install/articubot_one/share/articubot_one/package.dsv
-- Up-to-date: /articubot_one/install/articubot_one/share/ament_index/resource_index/packages/articubot_one
-- Up-to-date: /articubot_one/install/articubot_one/share/articubot_one/cmake/articubot_oneConfig.cmake
-- Up-to-date: /articubot_one/install/articubot_one/share/articubot_one/cmake/articubot_oneConfig-version.cmake
-- Up-to-date: /articubot_one/install/articubot_one/share/articubot_one/package.xml
