[0.015s] Invoking command in '/articubot_one/build/articubot_one': CMAKE_PREFIX_PATH=${CMAKE_PREFIX_PATH}:/opt/ros/jazzy /usr/bin/cmake --build /articubot_one/build/articubot_one -- -j16 -l16
[0.075s] Invoked command in '/articubot_one/build/articubot_one' returned '0': CMAKE_PREFIX_PATH=${CMAKE_PREFIX_PATH}:/opt/ros/jazzy /usr/bin/cmake --build /articubot_one/build/articubot_one -- -j16 -l16
[0.088s] Invoking command in '/articubot_one/build/articubot_one': CMAKE_PREFIX_PATH=${CMAKE_PREFIX_PATH}:/opt/ros/jazzy /usr/bin/cmake --install /articubot_one/build/articubot_one
[0.100s] -- Install configuration: ""
[0.100s] -- Up-to-date: /articubot_one/install/articubot_one/share/articubot_one/config
[0.100s] -- Up-to-date: /articubot_one/install/articubot_one/share/articubot_one/config/empty.yaml
[0.101s] -- Up-to-date: /articubot_one/install/articubot_one/share/articubot_one/description
[0.101s] -- Up-to-date: /articubot_one/install/articubot_one/share/articubot_one/description/gazebo_control.xacro
[0.101s] -- Up-to-date: /articubot_one/install/articubot_one/share/articubot_one/description/inertial_macros.xacro
[0.101s] -- Up-to-date: /articubot_one/install/articubot_one/share/articubot_one/description/robot_core.xacro
[0.101s] -- Up-to-date: /articubot_one/install/articubot_one/share/articubot_one/description/robot.urdf.xacro
[0.101s] -- Up-to-date: /articubot_one/install/articubot_one/share/articubot_one/description/lidar.xacro
[0.101s] -- Up-to-date: /articubot_one/install/articubot_one/share/articubot_one/launch
[0.101s] -- Up-to-date: /articubot_one/install/articubot_one/share/articubot_one/launch/rsp.launch.py
[0.101s] -- Installing: /articubot_one/install/articubot_one/share/articubot_one/launch/sim.launch.py
[0.101s] -- Up-to-date: /articubot_one/install/articubot_one/share/articubot_one/worlds
[0.102s] -- Up-to-date: /articubot_one/install/articubot_one/share/articubot_one/worlds/empty.world
[0.102s] -- Up-to-date: /articubot_one/install/articubot_one/share/articubot_one/models
[0.102s] -- Up-to-date: /articubot_one/install/articubot_one/share/articubot_one/models/Ground_Plane
[0.102s] -- Up-to-date: /articubot_one/install/articubot_one/share/articubot_one/models/Ground_Plane/model.sdf
[0.102s] -- Up-to-date: /articubot_one/install/articubot_one/share/articubot_one/models/Ground_Plane/model.config
[0.102s] -- Up-to-date: /articubot_one/install/articubot_one/share/articubot_one/models/Ground_Plane/model-1_2.sdf
[0.102s] -- Up-to-date: /articubot_one/install/articubot_one/share/articubot_one/models/Ground_Plane/model-1_3.sdf
[0.102s] -- Up-to-date: /articubot_one/install/articubot_one/share/articubot_one/models/Ground_Plane/model-1_4.sdf
[0.102s] -- Up-to-date: /articubot_one/install/articubot_one/share/articubot_one/models/Sun
[0.102s] -- Up-to-date: /articubot_one/install/articubot_one/share/articubot_one/models/Sun/model.sdf
[0.102s] -- Up-to-date: /articubot_one/install/articubot_one/share/articubot_one/models/Sun/model.config
[0.103s] -- Up-to-date: /articubot_one/install/articubot_one/share/articubot_one/models/Sun/model-1_2.sdf
[0.103s] -- Up-to-date: /articubot_one/install/articubot_one/share/articubot_one/models/Sun/model-1_3.sdf
[0.103s] -- Up-to-date: /articubot_one/install/articubot_one/share/articubot_one/models/Sun/model-1_4.sdf
[0.103s] -- Up-to-date: /articubot_one/install/articubot_one/share/ament_index/resource_index/package_run_dependencies/articubot_one
[0.103s] -- Up-to-date: /articubot_one/install/articubot_one/share/ament_index/resource_index/parent_prefix_path/articubot_one
[0.103s] -- Up-to-date: /articubot_one/install/articubot_one/share/articubot_one/environment/ament_prefix_path.sh
[0.103s] -- Up-to-date: /articubot_one/install/articubot_one/share/articubot_one/environment/ament_prefix_path.dsv
[0.103s] -- Up-to-date: /articubot_one/install/articubot_one/share/articubot_one/environment/path.sh
[0.103s] -- Up-to-date: /articubot_one/install/articubot_one/share/articubot_one/environment/path.dsv
[0.103s] -- Up-to-date: /articubot_one/install/articubot_one/share/articubot_one/local_setup.bash
[0.103s] -- Up-to-date: /articubot_one/install/articubot_one/share/articubot_one/local_setup.sh
[0.103s] -- Up-to-date: /articubot_one/install/articubot_one/share/articubot_one/local_setup.zsh
[0.104s] -- Up-to-date: /articubot_one/install/articubot_one/share/articubot_one/local_setup.dsv
[0.104s] -- Installing: /articubot_one/install/articubot_one/share/articubot_one/package.dsv
[0.104s] -- Up-to-date: /articubot_one/install/articubot_one/share/ament_index/resource_index/packages/articubot_one
[0.104s] -- Up-to-date: /articubot_one/install/articubot_one/share/articubot_one/cmake/articubot_oneConfig.cmake
[0.104s] -- Up-to-date: /articubot_one/install/articubot_one/share/articubot_one/cmake/articubot_oneConfig-version.cmake
[0.104s] -- Up-to-date: /articubot_one/install/articubot_one/share/articubot_one/package.xml
[0.105s] Invoked command in '/articubot_one/build/articubot_one' returned '0': CMAKE_PREFIX_PATH=${CMAKE_PREFIX_PATH}:/opt/ros/jazzy /usr/bin/cmake --install /articubot_one/build/articubot_one
