[0.012s] Invoking command in '/articubot_one/build/articubot_one': CMAKE_PREFIX_PATH=${CMAKE_PREFIX_PATH}:/opt/ros/jazzy /usr/bin/cmake --build /articubot_one/build/articubot_one -- -j16 -l16
[0.045s] -- Found ament_cmake: 2.5.4 (/opt/ros/jazzy/share/ament_cmake/cmake)
[0.268s] -- Found ament_lint_auto: 0.17.2 (/opt/ros/jazzy/share/ament_lint_auto/cmake)
[0.362s] -- Added test 'copyright' to check source files copyright and LICENSE
[0.382s] -- Added test 'cppcheck' to perform static code analysis on C / C++ code
[0.382s] -- Configured cppcheck include dirs: 
[0.383s] -- Configured cppcheck exclude dirs and/or files: 
[0.402s] -- Added test 'cpplint' to check C / C++ code against the Google style
[0.402s] -- Configured cpplint exclude dirs and/or files: 
[0.405s] -- Added test 'flake8' to check Python code syntax and style conventions
[0.405s] -- Configured 'flake8' exclude dirs and/or files: 
[0.410s] -- Added test 'lint_cmake' to check CMake code style
[0.413s] -- Added test 'pep257' to check Python code against some of the docstring style conventions in PEP 257
[0.434s] -- Added test 'uncrustify' to check C / C++ code style
[0.434s] -- Configured uncrustify additional arguments: 
[0.437s] -- Added test 'xmllint' to check XML markup files
[0.438s] -- Configuring done (0.4s)
[0.441s] -- Generating done (0.0s)
[0.443s] -- Build files have been written to: /articubot_one/build/articubot_one
[0.473s] Invoked command in '/articubot_one/build/articubot_one' returned '0': CMAKE_PREFIX_PATH=${CMAKE_PREFIX_PATH}:/opt/ros/jazzy /usr/bin/cmake --build /articubot_one/build/articubot_one -- -j16 -l16
[0.486s] Invoking command in '/articubot_one/build/articubot_one': CMAKE_PREFIX_PATH=${CMAKE_PREFIX_PATH}:/opt/ros/jazzy /usr/bin/cmake --install /articubot_one/build/articubot_one
[0.495s] -- Install configuration: ""
[0.495s] -- Up-to-date: /articubot_one/install/articubot_one/share/articubot_one/config
[0.495s] -- Up-to-date: /articubot_one/install/articubot_one/share/articubot_one/config/empty.yaml
[0.495s] -- Installing: /articubot_one/install/articubot_one/share/articubot_one/description
[0.496s] -- Installing: /articubot_one/install/articubot_one/share/articubot_one/description/gazebo_control.xacro
[0.496s] -- Installing: /articubot_one/install/articubot_one/share/articubot_one/description/inertial_macros.xacro
[0.496s] -- Installing: /articubot_one/install/articubot_one/share/articubot_one/description/robot_core.xacro
[0.496s] -- Installing: /articubot_one/install/articubot_one/share/articubot_one/description/robot.urdf.xacro
[0.496s] -- Installing: /articubot_one/install/articubot_one/share/articubot_one/description/lidar.xacro
[0.496s] -- Installing: /articubot_one/install/articubot_one/share/articubot_one/launch
[0.496s] -- Installing: /articubot_one/install/articubot_one/share/articubot_one/launch/rsp.launch.py
[0.496s] -- Installing: /articubot_one/install/articubot_one/share/articubot_one/launch/sim.launch.py
[0.496s] -- Installing: /articubot_one/install/articubot_one/share/articubot_one/worlds
[0.496s] -- Installing: /articubot_one/install/articubot_one/share/articubot_one/worlds/empty.world
[0.497s] -- Installing: /articubot_one/install/articubot_one/share/ament_index/resource_index/package_run_dependencies/articubot_one
[0.497s] -- Installing: /articubot_one/install/articubot_one/share/ament_index/resource_index/parent_prefix_path/articubot_one
[0.497s] -- Installing: /articubot_one/install/articubot_one/share/articubot_one/environment/ament_prefix_path.sh
[0.497s] -- Installing: /articubot_one/install/articubot_one/share/articubot_one/environment/ament_prefix_path.dsv
[0.497s] -- Installing: /articubot_one/install/articubot_one/share/articubot_one/environment/path.sh
[0.497s] -- Installing: /articubot_one/install/articubot_one/share/articubot_one/environment/path.dsv
[0.498s] -- Installing: /articubot_one/install/articubot_one/share/articubot_one/local_setup.bash
[0.498s] -- Installing: /articubot_one/install/articubot_one/share/articubot_one/local_setup.sh
[0.498s] -- Installing: /articubot_one/install/articubot_one/share/articubot_one/local_setup.zsh
[0.498s] -- Installing: /articubot_one/install/articubot_one/share/articubot_one/local_setup.dsv
[0.498s] -- Installing: /articubot_one/install/articubot_one/share/articubot_one/package.dsv
[0.498s] -- Installing: /articubot_one/install/articubot_one/share/ament_index/resource_index/packages/articubot_one
[0.499s] -- Installing: /articubot_one/install/articubot_one/share/articubot_one/cmake/articubot_oneConfig.cmake
[0.499s] -- Installing: /articubot_one/install/articubot_one/share/articubot_one/cmake/articubot_oneConfig-version.cmake
[0.499s] -- Installing: /articubot_one/install/articubot_one/share/articubot_one/package.xml
[0.501s] Invoked command in '/articubot_one/build/articubot_one' returned '0': CMAKE_PREFIX_PATH=${CMAKE_PREFIX_PATH}:/opt/ros/jazzy /usr/bin/cmake --install /articubot_one/build/articubot_one
