[0.013s] Invoking command in '/articubot_one/build/articubot_one': CMAKE_PREFIX_PATH=${CMAKE_PREFIX_PATH}:/opt/ros/jazzy /usr/bin/cmake --build /articubot_one/build/articubot_one -- -j16 -l16
[0.043s] -- Found ament_cmake: 2.5.4 (/opt/ros/jazzy/share/ament_cmake/cmake)
[0.258s] -- Found ament_lint_auto: 0.17.2 (/opt/ros/jazzy/share/ament_lint_auto/cmake)
[0.347s] -- Added test 'copyright' to check source files copyright and LICENSE
[0.371s] -- Added test 'cppcheck' to perform static code analysis on C / C++ code
[0.371s] -- Configured cppcheck include dirs: 
[0.372s] -- Configured cppcheck exclude dirs and/or files: 
[0.394s] -- Added test 'cpplint' to check C / C++ code against the Google style
[0.394s] -- Configured cpplint exclude dirs and/or files: 
[0.397s] -- Added test 'flake8' to check Python code syntax and style conventions
[0.398s] -- Configured 'flake8' exclude dirs and/or files: 
[0.403s] -- Added test 'lint_cmake' to check CMake code style
[0.406s] -- Added test 'pep257' to check Python code against some of the docstring style conventions in PEP 257
[0.430s] -- Added test 'uncrustify' to check C / C++ code style
[0.430s] -- Configured uncrustify additional arguments: 
[0.433s] -- Added test 'xmllint' to check XML markup files
[0.434s] -- Configuring done (0.4s)
[0.438s] -- Generating done (0.0s)
[0.440s] -- Build files have been written to: /articubot_one/build/articubot_one
[0.469s] Invoked command in '/articubot_one/build/articubot_one' returned '0': CMAKE_PREFIX_PATH=${CMAKE_PREFIX_PATH}:/opt/ros/jazzy /usr/bin/cmake --build /articubot_one/build/articubot_one -- -j16 -l16
[0.482s] Invoking command in '/articubot_one/build/articubot_one': CMAKE_PREFIX_PATH=${CMAKE_PREFIX_PATH}:/opt/ros/jazzy /usr/bin/cmake --install /articubot_one/build/articubot_one
[0.493s] -- Install configuration: ""
[0.493s] -- Up-to-date: /articubot_one/install/articubot_one/share/articubot_one/config
[0.493s] -- Up-to-date: /articubot_one/install/articubot_one/share/articubot_one/config/empty.yaml
[0.493s] -- Up-to-date: /articubot_one/install/articubot_one/share/articubot_one/description
[0.493s] -- Up-to-date: /articubot_one/install/articubot_one/share/articubot_one/description/gazebo_control.xacro
[0.493s] -- Up-to-date: /articubot_one/install/articubot_one/share/articubot_one/description/inertial_macros.xacro
[0.493s] -- Up-to-date: /articubot_one/install/articubot_one/share/articubot_one/description/robot_core.xacro
[0.493s] -- Up-to-date: /articubot_one/install/articubot_one/share/articubot_one/description/robot.urdf.xacro
[0.493s] -- Up-to-date: /articubot_one/install/articubot_one/share/articubot_one/description/lidar.xacro
[0.494s] -- Up-to-date: /articubot_one/install/articubot_one/share/articubot_one/launch
[0.494s] -- Up-to-date: /articubot_one/install/articubot_one/share/articubot_one/launch/rsp.launch.py
[0.494s] -- Up-to-date: /articubot_one/install/articubot_one/share/articubot_one/launch/sim.launch.py
[0.494s] -- Up-to-date: /articubot_one/install/articubot_one/share/articubot_one/worlds
[0.494s] -- Up-to-date: /articubot_one/install/articubot_one/share/articubot_one/worlds/empty.world
[0.494s] -- Installing: /articubot_one/install/articubot_one/share/articubot_one/models
[0.494s] -- Installing: /articubot_one/install/articubot_one/share/articubot_one/models/Ground_Plane
[0.494s] -- Installing: /articubot_one/install/articubot_one/share/articubot_one/models/Ground_Plane/model.sdf
[0.494s] -- Installing: /articubot_one/install/articubot_one/share/articubot_one/models/Ground_Plane/model.config
[0.494s] -- Installing: /articubot_one/install/articubot_one/share/articubot_one/models/Ground_Plane/model-1_2.sdf
[0.494s] -- Installing: /articubot_one/install/articubot_one/share/articubot_one/models/Ground_Plane/model-1_3.sdf
[0.494s] -- Installing: /articubot_one/install/articubot_one/share/articubot_one/models/Ground_Plane/model-1_4.sdf
[0.495s] -- Installing: /articubot_one/install/articubot_one/share/articubot_one/models/Sun
[0.495s] -- Installing: /articubot_one/install/articubot_one/share/articubot_one/models/Sun/model.sdf
[0.495s] -- Installing: /articubot_one/install/articubot_one/share/articubot_one/models/Sun/model.config
[0.495s] -- Installing: /articubot_one/install/articubot_one/share/articubot_one/models/Sun/model-1_2.sdf
[0.495s] -- Installing: /articubot_one/install/articubot_one/share/articubot_one/models/Sun/model-1_3.sdf
[0.495s] -- Installing: /articubot_one/install/articubot_one/share/articubot_one/models/Sun/model-1_4.sdf
[0.495s] -- Up-to-date: /articubot_one/install/articubot_one/share/ament_index/resource_index/package_run_dependencies/articubot_one
[0.495s] -- Installing: /articubot_one/install/articubot_one/share/ament_index/resource_index/parent_prefix_path/articubot_one
[0.495s] -- Up-to-date: /articubot_one/install/articubot_one/share/articubot_one/environment/ament_prefix_path.sh
[0.495s] -- Up-to-date: /articubot_one/install/articubot_one/share/articubot_one/environment/ament_prefix_path.dsv
[0.495s] -- Up-to-date: /articubot_one/install/articubot_one/share/articubot_one/environment/path.sh
[0.495s] -- Up-to-date: /articubot_one/install/articubot_one/share/articubot_one/environment/path.dsv
[0.496s] -- Up-to-date: /articubot_one/install/articubot_one/share/articubot_one/local_setup.bash
[0.496s] -- Up-to-date: /articubot_one/install/articubot_one/share/articubot_one/local_setup.sh
[0.496s] -- Up-to-date: /articubot_one/install/articubot_one/share/articubot_one/local_setup.zsh
[0.496s] -- Up-to-date: /articubot_one/install/articubot_one/share/articubot_one/local_setup.dsv
[0.496s] -- Installing: /articubot_one/install/articubot_one/share/articubot_one/package.dsv
[0.496s] -- Up-to-date: /articubot_one/install/articubot_one/share/ament_index/resource_index/packages/articubot_one
[0.496s] -- Up-to-date: /articubot_one/install/articubot_one/share/articubot_one/cmake/articubot_oneConfig.cmake
[0.496s] -- Up-to-date: /articubot_one/install/articubot_one/share/articubot_one/cmake/articubot_oneConfig-version.cmake
[0.496s] -- Up-to-date: /articubot_one/install/articubot_one/share/articubot_one/package.xml
[0.498s] Invoked command in '/articubot_one/build/articubot_one' returned '0': CMAKE_PREFIX_PATH=${CMAKE_PREFIX_PATH}:/opt/ros/jazzy /usr/bin/cmake --install /articubot_one/build/articubot_one
